--------------- Build Started: 12/15/2020 21:58:00 Project: Final_project_demo, Configuration: ARM GCC 5.4-2016-q2-update Debug ---------------
The code generation step is up to date.
The compile step is up to date, no work needs to be done.
The link step is up to date, no work needs to be done.
arm-none-eabi-gcc.exe -mcpu=cortex-m4 -mfloat-abi=softfp -mfpu=fpv4-sp-d16 -mthumb -I. -IGenerated_Source\PSoC6 -IGenerated_Source\PSoC6\pdl\cmsis/include/ -IGenerated_Source\PSoC6\pdl\devices/psoc6/include/ -IGenerated_Source\PSoC6\pdl\devices/psoc6/include/ip/ -IGenerated_Source\PSoC6\pdl\drivers/peripheral/ -IGenerated_Source\PSoC6\pdl\drivers/peripheral/device/ -IGenerated_Source\PSoC6\pdl\drivers/peripheral/dma/ -IGenerated_Source\PSoC6\pdl\drivers/peripheral/efuse/ -IGenerated_Source\PSoC6\pdl\drivers/peripheral/flash/ -IGenerated_Source\PSoC6\pdl\drivers/peripheral/gpio/ -IGenerated_Source\PSoC6\pdl\drivers/peripheral/ipc/ -IGenerated_Source\PSoC6\pdl\drivers/peripheral/lvd/ -IGenerated_Source\PSoC6\pdl\drivers/peripheral/profile/ -IGenerated_Source\PSoC6\pdl\drivers/peripheral/prot/ -IGenerated_Source\PSoC6\pdl\drivers/peripheral/sar/ -IGenerated_Source\PSoC6\pdl\drivers/peripheral/scb/ -IGenerated_Source\PSoC6\pdl\drivers/peripheral/sysanalog/ -IGenerated_Source\PSoC6\pdl\drivers/peripheral/sysclk/ -IGenerated_Source\PSoC6\pdl\drivers/peripheral/sysint/ -IGenerated_Source\PSoC6\pdl\drivers/peripheral/syslib/ -IGenerated_Source\PSoC6\pdl\drivers/peripheral/syspm/ -IGenerated_Source\PSoC6\pdl\drivers/peripheral/systick/ -IGenerated_Source\PSoC6\pdl\drivers/peripheral/trigmux/ -IGenerated_Source\PSoC6\pdl\drivers/peripheral/wdt/ -IGenerated_Source\PSoC6\pdl\middleware/ -IGenerated_Source\PSoC6\pdl\middleware/emWin/code/drivers/FlexColor/ -IGenerated_Source\PSoC6\pdl\middleware/emWin/code/include/ -IGenerated_Source\PSoC6\pdl\middleware/emWin/code/include/nosnts_softfp/ -IGenerated_Source\PSoC6\pdl\utilities/ -Wa,-alh=.\CortexM4\ARM_GCC_541\Debug/main_cm4.lst -g -D DEBUG -D CY_CORE_ID=0 -D CY_PSOC_CREATOR_USED=1 -D CYBLE_416045_02 -Wall -ffunction-sections -ffat-lto-objects -Og -c main_cm4.c -o .\CortexM4\ARM_GCC_541\Debug\main_cm4.o
main_cm4.c: In function 'printDMA':
main_cm4.c:151:16: warning: format '%X' expects argument of type 'unsigned int', but argument 3 has type 'int32_t {aka long int}' [-Wformat=]
         printf("buffer_1[%d]: 0X%X\r\n",i,buffer_1[i]);
                ^
main_cm4.c:151:16: warning: format '%X' expects argument of type 'unsigned int', but argument 3 has type 'int32_t {aka long int}' [-Wformat=]
main_cm4.c:152:16: warning: format '%X' expects argument of type 'unsigned int', but argument 3 has type 'int32_t {aka long int}' [-Wformat=]
         printf("buffer_2[%d]: 0X%X\r\n",i,buffer_2[i]);
                ^
main_cm4.c:152:16: warning: format '%X' expects argument of type 'unsigned int', but argument 3 has type 'int32_t {aka long int}' [-Wformat=]
main_cm4.c:153:16: warning: format '%X' expects argument of type 'unsigned int', but argument 3 has type 'int32_t {aka long int}' [-Wformat=]
         printf("buffer_3[%d]: 0X%X\r\n",i,buffer_3[i]);
                ^
main_cm4.c:153:16: warning: format '%X' expects argument of type 'unsigned int', but argument 3 has type 'int32_t {aka long int}' [-Wformat=]
main_cm4.c:154:16: warning: format '%X' expects argument of type 'unsigned int', but argument 3 has type 'int32_t {aka long int}' [-Wformat=]
         printf("buffer_4[%d]: 0X%X\r\n",i,buffer_4[i]);
                ^
main_cm4.c:154:16: warning: format '%X' expects argument of type 'unsigned int', but argument 3 has type 'int32_t {aka long int}' [-Wformat=]
arm-none-eabi-gcc.exe -Wl,--start-group -o "C:\Users\Ryan Haque\Documents\PSoC Creator\Final_project_demo.cydsn\CortexM4\ARM_GCC_541\Debug\Final_project_demo_link.elf" Generated_Source\PSoC6\pdl\middleware\emWin\libs\GCC\libemWin_nosnts_gcc.a .\CortexM4\ARM_GCC_541\Debug\KS124117-2.o ".\CortexM4\ARM_GCC_541\Debug\Cypress Logo Full Color_PNG_316pixels.o" .\CortexM4\ARM_GCC_541\Debug\startup_psoc6_01_cm4.o .\CortexM4\ARM_GCC_541\Debug\main_cm4.o .\CortexM4\ARM_GCC_541\Debug\system_psoc6_cm4.o .\CortexM4\ARM_GCC_541\Debug\graphicaldisplay.o .\CortexM4\ARM_GCC_541\Debug\communication.o .\CortexM4\ARM_GCC_541\Debug\commandargparser.o .\CortexM4\ARM_GCC_541\Debug\GUIConf.o .\CortexM4\ARM_GCC_541\Debug\GUI_X.o .\CortexM4\ARM_GCC_541\Debug\LCDConf.o .\CortexM4\ARM_GCC_541\Debug\stdio_user.o .\CortexM4\ARM_GCC_541\Debug\cyfitter_sysint_cfg.o .\CortexM4\ARM_GCC_541\Debug\cymetadata.o .\CortexM4\ARM_GCC_541\Debug\GraphicLCDIntf_1.o .\CortexM4\ARM_GCC_541\Debug\GraphicLCDIntf_1_PM.o .\CortexM4\ARM_GCC_541\Debug\cy_efuse.o .\CortexM4\ARM_GCC_541\Debug\cy_flash.o .\CortexM4\ARM_GCC_541\Debug\cy_gpio.o .\CortexM4\ARM_GCC_541\Debug\cy_ipc_drv.o .\CortexM4\ARM_GCC_541\Debug\cy_ipc_sema.o .\CortexM4\ARM_GCC_541\Debug\cy_ipc_pipe.o .\CortexM4\ARM_GCC_541\Debug\cy_lvd.o .\CortexM4\ARM_GCC_541\Debug\cy_profile.o .\CortexM4\ARM_GCC_541\Debug\cy_prot.o .\CortexM4\ARM_GCC_541\Debug\cy_sysanalog.o .\CortexM4\ARM_GCC_541\Debug\cy_sysclk.o .\CortexM4\ARM_GCC_541\Debug\cy_sysint.o .\CortexM4\ARM_GCC_541\Debug\cy_syslib.o .\CortexM4\ARM_GCC_541\Debug\cy_syslib_gcc.o .\CortexM4\ARM_GCC_541\Debug\cy_syspm.o .\CortexM4\ARM_GCC_541\Debug\cy_systick.o .\CortexM4\ARM_GCC_541\Debug\cy_trigmux.o .\CortexM4\ARM_GCC_541\Debug\cy_wdt.o .\CortexM4\ARM_GCC_541\Debug\cy_device.o .\CortexM4\ARM_GCC_541\Debug\cy_dma.o .\CortexM4\ARM_GCC_541\Debug\cy_sar.o .\CortexM4\ARM_GCC_541\Debug\cy_scb_common.o .\CortexM4\ARM_GCC_541\Debug\cy_scb_i2c.o .\CortexM4\ARM_GCC_541\Debug\cy_scb_ezi2c.o .\CortexM4\ARM_GCC_541\Debug\cy_scb_spi.o .\CortexM4\ARM_GCC_541\Debug\cy_scb_uart.o .\CortexM4\ARM_GCC_541\Debug\cy_ble_clk.o .\CortexM4\ARM_GCC_541\Debug\retarget.o .\CortexM4\ARM_GCC_541\Debug\ADC_1.o .\CortexM4\ARM_GCC_541\Debug\ADC_1_INT.o .\CortexM4\ARM_GCC_541\Debug\ADC_1_INIT.o .\CortexM4\ARM_GCC_541\Debug\ADC_1_PM.o .\CortexM4\ARM_GCC_541\Debug\DMA_1.o .\CortexM4\ARM_GCC_541\Debug\UART_1.o -mcpu=cortex-m4 -mfloat-abi=softfp -mfpu=fpv4-sp-d16 -mthumb -L Generated_Source\PSoC6 -Wl,-Map,.\CortexM4\ARM_GCC_541\Debug/Final_project_demo.map -T cy8c6xx7_cm4_dual.ld -specs=nano.specs -Wl,--gc-sections -g -ffunction-sections -Og -ffat-lto-objects -Wl,--end-group
"C:\Program Files (x86)\Cypress\PDL\3.1.2\tools\win\elf\cymcuelftool.exe" --sign "C:\Users\Ryan Haque\Documents\PSoC Creator\Final_project_demo.cydsn\CortexM4\ARM_GCC_541\Debug\Final_project_demo_link.elf" --output "C:\Users\Ryan Haque\Documents\PSoC Creator\Final_project_demo.cydsn\CortexM4\ARM_GCC_541\Debug\Final_project_demo_signed.elf" --hex "C:\Users\Ryan Haque\Documents\PSoC Creator\Final_project_demo.cydsn\CortexM4\ARM_GCC_541\Debug\Final_project_demo_signed.hex"
No ELF section .cychecksum found, creating one
Application checksum calculated and stored in ELF section .cychecksum
Checksum calculated and stored in ELF section .cymeta
"C:\Program Files (x86)\Cypress\PDL\3.1.2\tools\win\elf\cymcuelftool.exe" --merge "C:\Users\Ryan Haque\Documents\PSoC Creator\Final_project_demo.cydsn\CortexM4\ARM_GCC_541\Debug\Final_project_demo_signed.elf" "C:\Users\Ryan Haque\Documents\PSoC Creator\Final_project_demo.cydsn\CortexM0p\ARM_GCC_541\Debug\Final_project_demo.elf" --output "C:\Users\Ryan Haque\Documents\PSoC Creator\Final_project_demo.cydsn\CortexM4\ARM_GCC_541\Debug\Final_project_demo.elf" --hex "C:\Users\Ryan Haque\Documents\PSoC Creator\Final_project_demo.cydsn\CortexM4\ARM_GCC_541\Debug\Final_project_demo.hex"
Application checksum calculated and stored in ELF section .cychecksum
Checksum calculated and stored in ELF section .cymeta
"C:\Program Files (x86)\Cypress\PDL\3.1.2\tools\win\elf\cymcuelftool.exe" -A "C:\Users\Ryan Haque\Documents\PSoC Creator\Final_project_demo.cydsn\CortexM4\ARM_GCC_541\Debug\Final_project_demo.elf"
code:96996	sram:43076
--------------- Build Succeeded: 12/15/2020 21:58:02 ---------------
